

*******************************************************************************
Wed Mar  6 17:28:20 2019


FIT:    data read from "linearSearch.out" using 1:3
        format = x:z
        #datapoints = 10
        residuals are weighted equally (unit weight)

function used for fitting: f(x)
	f(x)=a*x+b
fitted parameters initialized with current variable values

iter      chisq       delta/lim  lambda   a             b            
   0 3.8482574479e+10   0.00e+00  4.39e+04    1.000000e+00   1.000000e+00
   8 2.4877667879e+00  -7.90e-04  4.39e-04    2.469121e-04  -4.406667e-01

After 8 iterations the fit converged.
final sum of squares of residuals : 2.48777
rel. change during last iteration : -7.90496e-09

degrees of freedom    (FIT_NDF)                        : 8
rms of residuals      (FIT_STDFIT) = sqrt(WSSR/ndf)    : 0.557648
variance of residuals (reduced chisquare) = WSSR/ndf   : 0.310971

Final set of parameters            Asymptotic Standard Error
=======================            ==========================
a               = 0.000246912      +/- 6.139e-06    (2.487%)
b               = -0.440667        +/- 0.3809       (86.45%)

correlation matrix of the fit parameters:
                a      b      
a               1.000 
b              -0.886  1.000 


*******************************************************************************
Wed Mar  6 17:34:10 2019


FIT:    data read from "linearSearch.out" using 1:4
        format = x:z
        #datapoints = 10
        residuals are weighted equally (unit weight)

function used for fitting: g(x)
	g(x)=c*x+d
fitted parameters initialized with current variable values

iter      chisq       delta/lim  lambda   c             d            
   0 3.8491984340e+10   0.00e+00  4.39e+04    1.000000e+00   1.000000e+00
   8 1.4185362424e-01  -9.05e-03  4.39e-04    1.207297e-04  -1.637333e-01

After 8 iterations the fit converged.
final sum of squares of residuals : 0.141854
rel. change during last iteration : -9.0458e-08

degrees of freedom    (FIT_NDF)                        : 8
rms of residuals      (FIT_STDFIT) = sqrt(WSSR/ndf)    : 0.13316
variance of residuals (reduced chisquare) = WSSR/ndf   : 0.0177317

Final set of parameters            Asymptotic Standard Error
=======================            ==========================
c               = 0.00012073       +/- 1.466e-06    (1.214%)
d               = -0.163733        +/- 0.09097      (55.56%)

correlation matrix of the fit parameters:
                c      d      
c               1.000 
d              -0.886  1.000 


*******************************************************************************
Wed Mar  6 17:34:59 2019


FIT:    data read from "linearSearch.out" using 1:2
        format = x:z
        x range restricted to [0.00000 : 110000.]
        #datapoints = 10
        residuals are weighted equally (unit weight)

function used for fitting: f(x)
	f(x) = a*x+b
fitted parameters initialized with current variable values

iter      chisq       delta/lim  lambda   a             b            
   0 2.2207042461e+03   0.00e+00  1.08e+01    2.469121e-04  -4.406667e-01
   5 3.6242424242e-06  -4.54e-01  1.08e-04   -9.696970e-09   3.393333e-02

After 5 iterations the fit converged.
final sum of squares of residuals : 3.62424e-06
rel. change during last iteration : -4.54144e-06

degrees of freedom    (FIT_NDF)                        : 8
rms of residuals      (FIT_STDFIT) = sqrt(WSSR/ndf)    : 0.000673075
variance of residuals (reduced chisquare) = WSSR/ndf   : 4.5303e-07

Final set of parameters            Asymptotic Standard Error
=======================            ==========================
a               = -9.69697e-09     +/- 7.41e-09     (76.42%)
b               = 0.0339333        +/- 0.0004598    (1.355%)

correlation matrix of the fit parameters:
                a      b      
a               1.000 
b              -0.886  1.000 


*******************************************************************************
Wed Mar  6 17:34:59 2019


FIT:    data read from "linearSearch.out" using 1:3
        format = x:z
        x range restricted to [0.00000 : 110000.]
        #datapoints = 10
        residuals are weighted equally (unit weight)

function used for fitting: g(x)
	g(x) = c*x+d
fitted parameters initialized with current variable values

iter      chisq       delta/lim  lambda   c             d            
   0 5.7781331744e+02   0.00e+00  5.30e+00    1.207297e-04  -1.637333e-01
   5 2.4877667879e+00  -2.41e-06  5.30e-05    2.469121e-04  -4.406667e-01

After 5 iterations the fit converged.
final sum of squares of residuals : 2.48777
rel. change during last iteration : -2.40584e-11

degrees of freedom    (FIT_NDF)                        : 8
rms of residuals      (FIT_STDFIT) = sqrt(WSSR/ndf)    : 0.557648
variance of residuals (reduced chisquare) = WSSR/ndf   : 0.310971

Final set of parameters            Asymptotic Standard Error
=======================            ==========================
c               = 0.000246912      +/- 6.139e-06    (2.487%)
d               = -0.440667        +/- 0.3809       (86.45%)

correlation matrix of the fit parameters:
                c      d      
c               1.000 
d              -0.886  1.000 
